 [                                                          
   {                                                        
     "Plan": {                                              
       "Node Type": "Sort",                                 
       "Parallel Aware": false,                             
       "Async Capable": false,                              
       "Startup Cost": 143.10,                              
       "Total Cost": 144.99,                                
       "Plan Rows": 753,                                    
       "Plan Width": 80,                                    
       "Actual Startup Time": 0.142,                        
       "Actual Total Time": 0.158,                          
       "Actual Rows": 2,                                    
       "Actual Loops": 1,                                   
       "Sort Key": ["e.empid"],                             
       "Sort Method": "quicksort",                          
       "Sort Space Used": 25,                               
       "Sort Space Type": "Memory",                         
       "Plans": [                                           
         {                                                  
           "Node Type": "Hash Join",                        
           "Parent Relationship": "Outer",                  
           "Parallel Aware": false,                         
           "Async Capable": false,                          
           "Join Type": "Inner",                            
           "Startup Cost": 66.58,                           
           "Total Cost": 107.12,                            
           "Plan Rows": 753,                                
           "Plan Width": 80,                                
           "Actual Startup Time": 0.110,                    
           "Actual Total Time": 0.131,                      
           "Actual Rows": 2,                                
           "Actual Loops": 1,                               
           "Inner Unique": true,                            
           "Hash Cond": "(de.empid = e.empid)",             
           "Plans": [                                       
             {                                              
               "Node Type": "Hash Join",                    
               "Parent Relationship": "Outer",              
               "Parallel Aware": false,                     
               "Async Capable": false,                      
               "Join Type": "Inner",                        
               "Startup Cost": 28.01,                       
               "Total Cost": 66.56,                         
               "Plan Rows": 753,                            
               "Plan Width": 44,                            
               "Actual Startup Time": 0.062,                
               "Actual Total Time": 0.075,                  
               "Actual Rows": 2,                            
               "Actual Loops": 1,                           
               "Inner Unique": true,                        
               "Hash Cond": "(de.deptid = d.deptid)",       
               "Plans": [                                   
                 {                                          
                   "Node Type": "Seq Scan",                 
                   "Parent Relationship": "Outer",          
                   "Parallel Aware": false,                 
                   "Async Capable": false,                  
                   "Relation Name": "department_employee",  
                   "Alias": "de",                           
                   "Startup Cost": 0.00,                    
                   "Total Cost": 32.60,                     
                   "Plan Rows": 2260,                       
                   "Plan Width": 8,                         
                   "Actual Startup Time": 0.005,            
                   "Actual Total Time": 0.009,              
                   "Actual Rows": 3,                        
                   "Actual Loops": 1                        
                 },                                         
                 {                                          
                   "Node Type": "Hash",                     
                   "Parent Relationship": "Inner",          
                   "Parallel Aware": false,                 
                   "Async Capable": false,                  
                   "Startup Cost": 22.72,                   
                   "Total Cost": 22.72,                     
                   "Plan Rows": 423,                        
                   "Plan Width": 36,                        
                   "Actual Startup Time": 0.025,            
                   "Actual Total Time": 0.029,              
                   "Actual Rows": 1,                        
                   "Actual Loops": 1,                       
                   "Hash Buckets": 1024,                    
                   "Original Hash Buckets": 1024,           
                   "Hash Batches": 1,                       
                   "Original Hash Batches": 1,              
                   "Peak Memory Usage": 9,                  
                   "Plans": [                               
                     {                                      
                       "Node Type": "Bitmap Heap Scan",     
                       "Parent Relationship": "Outer",      
                       "Parallel Aware": false,             
                       "Async Capable": false,              
                       "Relation Name": "department",       
                       "Alias": "d",                        
                       "Startup Cost": 7.43,                
                       "Total Cost": 22.72,                 
                       "Plan Rows": 423,                    
                       "Plan Width": 36,                    
                       "Actual Startup Time": 0.009,        
                       "Actual Total Time": 0.012,          
                       "Actual Rows": 1,                    
                       "Actual Loops": 1,                   
                       "Recheck Cond": "(deptid > 100)",    
                       "Rows Removed by Index Recheck": 0,  
                       "Exact Heap Blocks": 1,              
                       "Lossy Heap Blocks": 0,              
                       "Plans": [                           
                         {                                  
                           "Node Type": "Bitmap Index Scan",
                           "Parent Relationship": "Outer",  
                           "Parallel Aware": false,         
                           "Async Capable": false,          
                           "Index Name": "department_pkey", 
                           "Startup Cost": 0.00,            
                           "Total Cost": 7.32,              
                           "Plan Rows": 423,                
                           "Plan Width": 0,                 
                           "Actual Startup Time": 0.004,    
                           "Actual Total Time": 0.005,      
                           "Actual Rows": 1,                
                           "Actual Loops": 1,               
                           "Index Cond": "(deptid > 100)"   
                         }                                  
                       ]                                    
                     }                                      
                   ]                                        
                 }                                          
               ]                                            
             },                                             
             {                                              
               "Node Type": "Hash",                         
               "Parent Relationship": "Inner",              
               "Parallel Aware": false,                     
               "Async Capable": false,                      
               "Startup Cost": 22.70,                       
               "Total Cost": 22.70,                         
               "Plan Rows": 1270,                           
               "Plan Width": 36,                            
               "Actual Startup Time": 0.019,                
               "Actual Total Time": 0.021,                  
               "Actual Rows": 3,                            
               "Actual Loops": 1,                           
               "Hash Buckets": 2048,                        
               "Original Hash Buckets": 2048,               
               "Hash Batches": 1,                           
               "Original Hash Batches": 1,                  
               "Peak Memory Usage": 17,                     
               "Plans": [                                   
                 {                                          
                   "Node Type": "Seq Scan",                 
                   "Parent Relationship": "Outer",          
                   "Parallel Aware": false,                 
                   "Async Capable": false,                  
                   "Relation Name": "employee",             
                   "Alias": "e",                            
                   "Startup Cost": 0.00,                    
                   "Total Cost": 22.70,                     
                   "Plan Rows": 1270,                       
                   "Plan Width": 36,                        
                   "Actual Startup Time": 0.005,            
                   "Actual Total Time": 0.008,              
                   "Actual Rows": 3,                        
                   "Actual Loops": 1                        
                 }                                          
               ]                                            
             }                                              
           ]                                                
         }                                                  
       ]                                                    
     },                                                     
     "Planning Time": 0.287,                                
     "Triggers": [                                          
     ],                                                     
     "Execution Time": 0.227                                
   }                                                        
 ]